DEBUG - 2020-04-24 18:08:01,517 - get_csv_from_github - Default url to be used for csv extraction
DEBUG - 2020-04-24 18:08:01,517 - <module> - Csv-getter thread started.
DEBUG - 2020-04-24 18:08:01,518 - get_csv_from_github - Default date to be used for csv extraction
DEBUG - 2020-04-24 18:08:01,535 - get_csv_from_github - Date formatted and url created: https://raw.githubusercontent.com/CSSEGISandData/COVID-19/master/csse_covid_19_data/csse_covid_19_daily_reports/04-23-2020.csv
DEBUG - 2020-04-24 18:08:02,803 - get_csv_from_github - Successfully downloaded data for 23-04-2020
DEBUG - 2020-04-24 18:32:39,840 - get_csv_from_github - Default url to be used for csv extraction
DEBUG - 2020-04-24 18:32:39,840 - <module> - Csv-getter thread started.
DEBUG - 2020-04-24 18:32:39,841 - get_csv_from_github - Default date to be used for csv extraction
DEBUG - 2020-04-24 18:32:39,843 - get_csv_from_github - Date formatted and url created: https://raw.githubusercontent.com/CSSEGISandData/COVID-19/master/csse_covid_19_data/csse_covid_19_daily_reports/04-23-2020.csv
DEBUG - 2020-04-24 18:32:40,838 - get_csv_from_github - Successfully downloaded data for 23-04-2020
DEBUG - 2020-04-24 18:37:49,993 - get_csv_from_github - Default url to be used for csv extraction
DEBUG - 2020-04-24 18:37:49,993 - <module> - Csv-getter thread started.
DEBUG - 2020-04-24 18:37:49,993 - get_csv_from_github - Default date to be used for csv extraction
DEBUG - 2020-04-24 18:37:49,996 - get_csv_from_github - Date formatted and url created: https://raw.githubusercontent.com/CSSEGISandData/COVID-19/master/csse_covid_19_data/csse_covid_19_daily_reports/04-23-2020.csv
DEBUG - 2020-04-24 18:37:50,722 - get_csv_from_github - Successfully downloaded data for 23-04-2020
DEBUG - 2020-04-24 18:40:43,845 - get_csv_from_github - Default url to be used for csv extraction
DEBUG - 2020-04-24 18:40:43,845 - <module> - Csv-getter thread started.
DEBUG - 2020-04-24 18:40:43,846 - get_csv_from_github - Default date to be used for csv extraction
DEBUG - 2020-04-24 18:40:43,850 - get_csv_from_github - Date formatted and url created: https://raw.githubusercontent.com/CSSEGISandData/COVID-19/master/csse_covid_19_data/csse_covid_19_daily_reports/04-23-2020.csv
DEBUG - 2020-04-24 18:40:44,781 - get_csv_from_github - Successfully downloaded data for 23-04-2020
DEBUG - 2020-04-24 18:41:36,166 - get_csv_from_github - Default url to be used for csv extraction
DEBUG - 2020-04-24 18:41:36,166 - <module> - Csv-getter thread started.
DEBUG - 2020-04-24 18:41:36,167 - get_csv_from_github - Default date to be used for csv extraction
DEBUG - 2020-04-24 18:41:36,168 - get_csv_from_github - Date formatted and url created: https://raw.githubusercontent.com/CSSEGISandData/COVID-19/master/csse_covid_19_data/csse_covid_19_daily_reports/04-23-2020.csv
DEBUG - 2020-04-24 18:41:36,693 - get_csv_from_github - Successfully downloaded data for 23-04-2020
DEBUG - 2020-04-24 18:49:18,383 - get_csv_from_github - Default url to be used for csv extraction
DEBUG - 2020-04-24 18:49:18,383 - <module> - Csv-getter thread started.
DEBUG - 2020-04-24 18:49:18,383 - get_csv_from_github - Default date to be used for csv extraction
DEBUG - 2020-04-24 18:49:18,385 - get_csv_from_github - Date formatted and url created: https://raw.githubusercontent.com/CSSEGISandData/COVID-19/master/csse_covid_19_data/csse_covid_19_daily_reports/04-23-2020.csv
DEBUG - 2020-04-24 18:49:19,178 - get_csv_from_github - Successfully downloaded data for 23-04-2020
DEBUG - 2020-04-24 18:50:40,642 - get_csv_from_github - Default url to be used for csv extraction
DEBUG - 2020-04-24 18:50:40,642 - <module> - Csv-getter thread started.
DEBUG - 2020-04-24 18:50:40,642 - get_csv_from_github - Default date to be used for csv extraction
DEBUG - 2020-04-24 18:50:40,644 - get_csv_from_github - Date formatted and url created: https://raw.githubusercontent.com/CSSEGISandData/COVID-19/master/csse_covid_19_data/csse_covid_19_daily_reports/04-23-2020.csv
DEBUG - 2020-04-24 18:50:41,536 - get_csv_from_github - Successfully downloaded data for 23-04-2020
DEBUG - 2020-04-24 19:02:53,455 - get_csv_from_github - Default url to be used for csv extraction
DEBUG - 2020-04-24 19:02:53,455 - <module> - Csv-getter thread started.
DEBUG - 2020-04-24 19:02:53,455 - get_csv_from_github - Default date to be used for csv extraction
DEBUG - 2020-04-24 19:02:53,514 - get_csv_from_github - Date formatted and url created: https://raw.githubusercontent.com/CSSEGISandData/COVID-19/master/csse_covid_19_data/csse_covid_19_daily_reports/04-23-2020.csv
DEBUG - 2020-04-24 19:02:56,382 - get_csv_from_github - Successfully downloaded data for 23-04-2020
DEBUG - 2020-04-24 19:03:05,616 - get_csv_from_github - Default url to be used for csv extraction
DEBUG - 2020-04-24 19:03:05,616 - <module> - Csv-getter thread started.
DEBUG - 2020-04-24 19:03:05,617 - get_csv_from_github - Default date to be used for csv extraction
DEBUG - 2020-04-24 19:03:05,620 - get_csv_from_github - Date formatted and url created: https://raw.githubusercontent.com/CSSEGISandData/COVID-19/master/csse_covid_19_data/csse_covid_19_daily_reports/04-23-2020.csv
DEBUG - 2020-04-24 19:03:06,053 - get_csv_from_github - Successfully downloaded data for 23-04-2020
INFO - 2020-04-24 19:03:06,237 - run_with_reloader - Watching for file changes with StatReloader
DEBUG - 2020-04-24 19:03:33,741 - _new_conn - Starting new HTTPS connection (1): accounts.google.com:443
DEBUG - 2020-04-24 19:03:33,903 - _make_request - https://accounts.google.com:443 "POST /o/oauth2/token HTTP/1.1" 200 None
DEBUG - 2020-04-24 19:03:33,908 - _new_conn - Starting new HTTPS connection (1): www.googleapis.com:443
DEBUG - 2020-04-24 19:03:34,167 - _make_request - https://www.googleapis.com:443 "GET /oauth2/v3/userinfo HTTP/1.1" 200 None
WARNING - 2020-04-24 19:05:12,737 - log_response - Not Found: /favicon.ico
INFO - 2020-04-24 19:17:01,661 - trigger_reload - /Users/julen/procesoftware/BSPQ20-E3/BSPQ20E3/BSPQ20E3/local_settings.py changed, reloading.
DEBUG - 2020-04-24 19:17:02,663 - get_csv_from_github - Default url to be used for csv extraction
DEBUG - 2020-04-24 19:17:02,663 - <module> - Csv-getter thread started.
DEBUG - 2020-04-24 19:17:02,663 - get_csv_from_github - Default date to be used for csv extraction
DEBUG - 2020-04-24 19:17:02,667 - get_csv_from_github - Date formatted and url created: https://raw.githubusercontent.com/CSSEGISandData/COVID-19/master/csse_covid_19_data/csse_covid_19_daily_reports/04-23-2020.csv
DEBUG - 2020-04-24 19:17:03,149 - get_csv_from_github - Successfully downloaded data for 23-04-2020
DEBUG - 2020-04-24 19:21:38,407 - get_csv_from_github - Default url to be used for csv extraction
DEBUG - 2020-04-24 19:21:38,407 - <module> - Csv-getter thread started.
DEBUG - 2020-04-24 19:21:38,407 - get_csv_from_github - Default date to be used for csv extraction
DEBUG - 2020-04-24 19:21:38,410 - get_csv_from_github - Date formatted and url created: https://raw.githubusercontent.com/CSSEGISandData/COVID-19/master/csse_covid_19_data/csse_covid_19_daily_reports/04-23-2020.csv
DEBUG - 2020-04-24 19:21:38,842 - get_csv_from_github - Successfully downloaded data for 23-04-2020
DEBUG - 2020-04-24 19:22:54,359 - get_csv_from_github - Default url to be used for csv extraction
DEBUG - 2020-04-24 19:22:54,360 - <module> - Csv-getter thread started.
DEBUG - 2020-04-24 19:22:54,360 - get_csv_from_github - Default date to be used for csv extraction
DEBUG - 2020-04-24 19:22:54,363 - get_csv_from_github - Date formatted and url created: https://raw.githubusercontent.com/CSSEGISandData/COVID-19/master/csse_covid_19_data/csse_covid_19_daily_reports/04-23-2020.csv
DEBUG - 2020-04-24 19:22:55,290 - get_csv_from_github - Successfully downloaded data for 23-04-2020
DEBUG - 2020-04-24 19:22:55,402 - get_csv_from_github - Default url to be used for csv extraction
DEBUG - 2020-04-24 19:22:55,403 - <module> - Csv-getter thread started.
DEBUG - 2020-04-24 19:22:55,403 - get_csv_from_github - Default date to be used for csv extraction
DEBUG - 2020-04-24 19:22:55,406 - get_csv_from_github - Date formatted and url created: https://raw.githubusercontent.com/CSSEGISandData/COVID-19/master/csse_covid_19_data/csse_covid_19_daily_reports/04-23-2020.csv
DEBUG - 2020-04-24 19:22:55,785 - get_csv_from_github - Successfully downloaded data for 23-04-2020
INFO - 2020-04-24 19:22:56,017 - run_with_reloader - Watching for file changes with StatReloader
ERROR - 2020-04-24 19:23:03,191 - log_response - Internal Server Error: /login/google-oauth2/
Traceback (most recent call last):
  File "/Users/julen/procesoftware/venv/lib/python3.7/site-packages/social_core/backends/utils.py", line 50, in get_backend
    return BACKENDSCACHE[name]
KeyError: 'google-oauth2'

During handling of the above exception, another exception occurred:

Traceback (most recent call last):
  File "/Users/julen/procesoftware/venv/lib/python3.7/site-packages/Django-2.2.7-py3.7.egg/django/core/handlers/exception.py", line 34, in inner
    response = get_response(request)
  File "/Users/julen/procesoftware/venv/lib/python3.7/site-packages/Django-2.2.7-py3.7.egg/django/core/handlers/base.py", line 115, in _get_response
    response = self.process_exception_by_middleware(e, request)
  File "/Users/julen/procesoftware/venv/lib/python3.7/site-packages/Django-2.2.7-py3.7.egg/django/core/handlers/base.py", line 113, in _get_response
    response = wrapped_callback(request, *callback_args, **callback_kwargs)
  File "/Users/julen/procesoftware/venv/lib/python3.7/site-packages/Django-2.2.7-py3.7.egg/django/views/decorators/cache.py", line 44, in _wrapped_view_func
    response = view_func(request, *args, **kwargs)
  File "/Users/julen/procesoftware/venv/lib/python3.7/site-packages/social_django/utils.py", line 46, in wrapper
    backend, uri)
  File "/Users/julen/procesoftware/venv/lib/python3.7/site-packages/social_django/utils.py", line 27, in load_backend
    Backend = get_backend(BACKENDS, name)
  File "/Users/julen/procesoftware/venv/lib/python3.7/site-packages/social_core/backends/utils.py", line 53, in get_backend
    load_backends(backends, force_load=True)
  File "/Users/julen/procesoftware/venv/lib/python3.7/site-packages/social_core/backends/utils.py", line 35, in load_backends
    backend = module_member(auth_backend)
  File "/Users/julen/procesoftware/venv/lib/python3.7/site-packages/social_core/utils.py", line 63, in module_member
    return getattr(module, member)
AttributeError: module 'social_core.backends.facebook' has no attribute 'TwitterOAuth2'
INFO - 2020-04-24 19:24:47,966 - trigger_reload - /Users/julen/procesoftware/BSPQ20-E3/BSPQ20E3/BSPQ20E3/settings.py changed, reloading.
DEBUG - 2020-04-24 19:24:48,879 - get_csv_from_github - Default url to be used for csv extraction
DEBUG - 2020-04-24 19:24:48,879 - <module> - Csv-getter thread started.
DEBUG - 2020-04-24 19:24:48,880 - get_csv_from_github - Default date to be used for csv extraction
DEBUG - 2020-04-24 19:24:48,883 - get_csv_from_github - Date formatted and url created: https://raw.githubusercontent.com/CSSEGISandData/COVID-19/master/csse_covid_19_data/csse_covid_19_daily_reports/04-23-2020.csv
DEBUG - 2020-04-24 19:24:49,532 - get_csv_from_github - Successfully downloaded data for 23-04-2020
INFO - 2020-04-24 19:24:49,772 - run_with_reloader - Watching for file changes with StatReloader
ERROR - 2020-04-24 19:24:58,624 - log_response - Internal Server Error: /login/google-oauth2/
Traceback (most recent call last):
  File "/Users/julen/procesoftware/venv/lib/python3.7/site-packages/social_core/backends/utils.py", line 50, in get_backend
    return BACKENDSCACHE[name]
KeyError: 'google-oauth2'

During handling of the above exception, another exception occurred:

Traceback (most recent call last):
  File "/Users/julen/procesoftware/venv/lib/python3.7/site-packages/Django-2.2.7-py3.7.egg/django/core/handlers/exception.py", line 34, in inner
    response = get_response(request)
  File "/Users/julen/procesoftware/venv/lib/python3.7/site-packages/Django-2.2.7-py3.7.egg/django/core/handlers/base.py", line 115, in _get_response
    response = self.process_exception_by_middleware(e, request)
  File "/Users/julen/procesoftware/venv/lib/python3.7/site-packages/Django-2.2.7-py3.7.egg/django/core/handlers/base.py", line 113, in _get_response
    response = wrapped_callback(request, *callback_args, **callback_kwargs)
  File "/Users/julen/procesoftware/venv/lib/python3.7/site-packages/Django-2.2.7-py3.7.egg/django/views/decorators/cache.py", line 44, in _wrapped_view_func
    response = view_func(request, *args, **kwargs)
  File "/Users/julen/procesoftware/venv/lib/python3.7/site-packages/social_django/utils.py", line 46, in wrapper
    backend, uri)
  File "/Users/julen/procesoftware/venv/lib/python3.7/site-packages/social_django/utils.py", line 27, in load_backend
    Backend = get_backend(BACKENDS, name)
  File "/Users/julen/procesoftware/venv/lib/python3.7/site-packages/social_core/backends/utils.py", line 53, in get_backend
    load_backends(backends, force_load=True)
  File "/Users/julen/procesoftware/venv/lib/python3.7/site-packages/social_core/backends/utils.py", line 35, in load_backends
    backend = module_member(auth_backend)
  File "/Users/julen/procesoftware/venv/lib/python3.7/site-packages/social_core/utils.py", line 63, in module_member
    return getattr(module, member)
AttributeError: module 'social_core.backends.twitter' has no attribute 'TwitterOAuth2'
INFO - 2020-04-24 19:25:34,959 - trigger_reload - /Users/julen/procesoftware/BSPQ20-E3/BSPQ20E3/BSPQ20E3/settings.py changed, reloading.
DEBUG - 2020-04-24 19:25:35,598 - get_csv_from_github - Default url to be used for csv extraction
DEBUG - 2020-04-24 19:25:35,598 - <module> - Csv-getter thread started.
DEBUG - 2020-04-24 19:25:35,598 - get_csv_from_github - Default date to be used for csv extraction
DEBUG - 2020-04-24 19:25:35,601 - get_csv_from_github - Date formatted and url created: https://raw.githubusercontent.com/CSSEGISandData/COVID-19/master/csse_covid_19_data/csse_covid_19_daily_reports/04-23-2020.csv
DEBUG - 2020-04-24 19:25:36,005 - get_csv_from_github - Successfully downloaded data for 23-04-2020
INFO - 2020-04-24 19:25:36,252 - run_with_reloader - Watching for file changes with StatReloader
DEBUG - 2020-04-24 19:25:43,156 - _new_conn - Starting new HTTPS connection (1): accounts.google.com:443
DEBUG - 2020-04-24 19:25:43,323 - _make_request - https://accounts.google.com:443 "POST /o/oauth2/token HTTP/1.1" 200 None
DEBUG - 2020-04-24 19:25:43,328 - _new_conn - Starting new HTTPS connection (1): www.googleapis.com:443
DEBUG - 2020-04-24 19:25:43,661 - _make_request - https://www.googleapis.com:443 "GET /oauth2/v3/userinfo HTTP/1.1" 200 None
INFO - 2020-04-24 19:42:53,495 - trigger_reload - /Users/julen/procesoftware/BSPQ20-E3/BSPQ20E3/BSPQ20E3/local_settings.py changed, reloading.
DEBUG - 2020-04-24 19:42:54,551 - get_csv_from_github - Default url to be used for csv extraction
DEBUG - 2020-04-24 19:42:54,551 - <module> - Csv-getter thread started.
DEBUG - 2020-04-24 19:42:54,551 - get_csv_from_github - Default date to be used for csv extraction
DEBUG - 2020-04-24 19:42:54,556 - get_csv_from_github - Date formatted and url created: https://raw.githubusercontent.com/CSSEGISandData/COVID-19/master/csse_covid_19_data/csse_covid_19_daily_reports/04-23-2020.csv
INFO - 2020-04-24 19:42:55,186 - run_with_reloader - Watching for file changes with StatReloader
DEBUG - 2020-04-24 19:42:55,397 - get_csv_from_github - Successfully downloaded data for 23-04-2020
WARNING - 2020-04-24 19:44:47,888 - log_response - Not Found: /favicon.ico
WARNING - 2020-04-24 19:44:51,294 - log_response - Not Found: /favicon.ico
WARNING - 2020-04-24 19:45:04,203 - log_response - Not Found: /favicon.ico
File handler changed
File handler changed
File handler changed
DEBUG - 2020-04-25 23:50:39,924 - get_csv_from_github - Default url to be used for csv extraction
DEBUG - 2020-04-25 23:50:39,924 - <module> - Csv-getter thread started.
DEBUG - 2020-04-25 23:50:39,925 - get_csv_from_github - Default date to be used for csv extraction
DEBUG - 2020-04-25 23:50:39,929 - get_csv_from_github - Date formatted and url created: https://raw.githubusercontent.com/CSSEGISandData/COVID-19/master/csse_covid_19_data/csse_covid_19_daily_reports/04-25-2020.csv
INFO - 2020-04-25 23:50:40,257 - get_csv_from_github - CSV file not found for this date yet: 25-04-2020 -> HTTP Error 404: Not Found
DEBUG - 2020-04-25 23:51:27,938 - get_csv_from_github - Default url to be used for csv extraction
DEBUG - 2020-04-25 23:51:27,938 - <module> - Csv-getter thread started.
DEBUG - 2020-04-25 23:51:27,939 - get_csv_from_github - Default date to be used for csv extraction
DEBUG - 2020-04-25 23:51:27,982 - get_csv_from_github - Date formatted and url created: https://raw.githubusercontent.com/CSSEGISandData/COVID-19/master/csse_covid_19_data/csse_covid_19_daily_reports/04-25-2020.csv
INFO - 2020-04-25 23:51:28,170 - get_csv_from_github - CSV file not found for this date yet: 25-04-2020 -> HTTP Error 404: Not Found
WARNING - 2020-04-25 23:51:33,973 - log_response - Not Found: /favicon.ico
WARNING - 2020-04-25 23:56:53,363 - log_response - Not Found: //
WARNING - 2020-04-25 23:56:54,364 - log_response - Not Found: //
WARNING - 2020-04-25 23:56:55,383 - log_response - Not Found: //
WARNING - 2020-04-25 23:56:56,367 - log_response - Not Found: //
WARNING - 2020-04-25 23:56:57,367 - log_response - Not Found: //
WARNING - 2020-04-25 23:56:58,366 - log_response - Not Found: //
WARNING - 2020-04-25 23:56:59,370 - log_response - Not Found: //
WARNING - 2020-04-25 23:57:00,052 - log_response - Not Found: //
WARNING - 2020-04-25 23:57:00,372 - log_response - Not Found: //
WARNING - 2020-04-25 23:57:01,372 - log_response - Not Found: //
WARNING - 2020-04-25 23:57:02,114 - log_response - Not Found: //
WARNING - 2020-04-25 23:57:02,382 - log_response - Not Found: //
WARNING - 2020-04-25 23:57:02,510 - log_response - Not Found: //
WARNING - 2020-04-25 23:57:02,891 - log_response - Not Found: //
WARNING - 2020-04-25 23:57:03,122 - log_response - Not Found: //
WARNING - 2020-04-25 23:57:05,885 - log_response - Not Found: //
WARNING - 2020-04-25 23:57:06,143 - log_response - Not Found: //
WARNING - 2020-04-25 23:57:07,640 - log_response - Not Found: //
WARNING - 2020-04-25 23:57:08,044 - log_response - Not Found: //
WARNING - 2020-04-25 23:57:08,387 - log_response - Not Found: //
WARNING - 2020-04-25 23:57:08,470 - log_response - Not Found: //
WARNING - 2020-04-25 23:57:10,268 - log_response - Not Found: //
WARNING - 2020-04-25 23:57:10,311 - log_response - Not Found: //
WARNING - 2020-04-25 23:57:10,519 - log_response - Not Found: //
WARNING - 2020-04-25 23:57:11,581 - log_response - Not Found: //
WARNING - 2020-04-25 23:57:13,174 - log_response - Not Found: //
WARNING - 2020-04-25 23:57:13,703 - log_response - Not Found: //
WARNING - 2020-04-25 23:57:14,401 - log_response - Not Found: //
WARNING - 2020-04-25 23:57:14,616 - log_response - Not Found: //
WARNING - 2020-04-25 23:57:15,042 - log_response - Not Found: //
WARNING - 2020-04-25 23:57:15,748 - log_response - Not Found: //
WARNING - 2020-04-25 23:57:17,229 - log_response - Not Found: //
WARNING - 2020-04-25 23:57:18,694 - log_response - Not Found: //
WARNING - 2020-04-25 23:57:18,702 - log_response - Not Found: //
WARNING - 2020-04-25 23:57:19,950 - log_response - Not Found: //
WARNING - 2020-04-25 23:57:20,024 - log_response - Not Found: //
WARNING - 2020-04-25 23:57:20,203 - log_response - Not Found: //
WARNING - 2020-04-25 23:57:20,717 - log_response - Not Found: //
WARNING - 2020-04-25 23:57:20,932 - log_response - Not Found: //
WARNING - 2020-04-25 23:57:20,938 - log_response - Not Found: //
WARNING - 2020-04-25 23:57:23,715 - log_response - Not Found: //
WARNING - 2020-04-25 23:57:24,295 - log_response - Not Found: //
WARNING - 2020-04-25 23:57:25,509 - log_response - Not Found: //
WARNING - 2020-04-25 23:57:25,610 - log_response - Not Found: //
WARNING - 2020-04-25 23:57:25,768 - log_response - Not Found: //
WARNING - 2020-04-25 23:57:26,134 - log_response - Not Found: //
WARNING - 2020-04-25 23:57:26,285 - log_response - Not Found: //
WARNING - 2020-04-25 23:57:26,421 - log_response - Not Found: //
WARNING - 2020-04-25 23:57:26,876 - log_response - Not Found: //
WARNING - 2020-04-25 23:57:28,320 - log_response - Not Found: //
WARNING - 2020-04-25 23:57:30,288 - log_response - Not Found: //
WARNING - 2020-04-25 23:57:31,469 - log_response - Not Found: //
WARNING - 2020-04-25 23:57:31,836 - log_response - Not Found: //
WARNING - 2020-04-25 23:57:32,090 - log_response - Not Found: //
WARNING - 2020-04-25 23:57:32,317 - log_response - Not Found: //
WARNING - 2020-04-25 23:57:33,289 - log_response - Not Found: //
WARNING - 2020-04-25 23:57:34,640 - log_response - Not Found: //
WARNING - 2020-04-25 23:57:34,717 - log_response - Not Found: //
WARNING - 2020-04-25 23:57:34,723 - log_response - Not Found: //
WARNING - 2020-04-25 23:57:35,062 - log_response - Not Found: //
WARNING - 2020-04-25 23:57:36,152 - log_response - Not Found: //
WARNING - 2020-04-25 23:57:37,754 - log_response - Not Found: //
WARNING - 2020-04-25 23:57:37,897 - log_response - Not Found: //
WARNING - 2020-04-25 23:57:39,600 - log_response - Not Found: //
WARNING - 2020-04-25 23:57:39,829 - log_response - Not Found: //
WARNING - 2020-04-25 23:57:40,341 - log_response - Not Found: //
WARNING - 2020-04-25 23:57:40,372 - log_response - Not Found: //
WARNING - 2020-04-25 23:57:40,723 - log_response - Not Found: //
WARNING - 2020-04-25 23:57:41,174 - log_response - Not Found: //
WARNING - 2020-04-25 23:57:43,357 - log_response - Not Found: //
WARNING - 2020-04-25 23:57:43,499 - log_response - Not Found: //
WARNING - 2020-04-25 23:57:44,555 - log_response - Not Found: //
WARNING - 2020-04-25 23:57:45,256 - log_response - Not Found: //
WARNING - 2020-04-25 23:57:46,496 - log_response - Not Found: //
WARNING - 2020-04-25 23:57:46,780 - log_response - Not Found: //
WARNING - 2020-04-25 23:57:46,927 - log_response - Not Found: //
WARNING - 2020-04-25 23:57:47,464 - log_response - Not Found: //
WARNING - 2020-04-25 23:57:47,538 - log_response - Not Found: //
WARNING - 2020-04-25 23:57:49,707 - log_response - Not Found: //
WARNING - 2020-04-25 23:57:49,892 - log_response - Not Found: //
WARNING - 2020-04-25 23:57:51,731 - log_response - Not Found: //
WARNING - 2020-04-25 23:57:51,739 - log_response - Not Found: //
WARNING - 2020-04-25 23:57:52,020 - log_response - Not Found: //
WARNING - 2020-04-25 23:59:03,389 - log_response - Not Found: //livelog
WARNING - 2020-04-25 23:59:04,388 - log_response - Not Found: //livelog
WARNING - 2020-04-25 23:59:05,409 - log_response - Not Found: //livelog
WARNING - 2020-04-25 23:59:06,397 - log_response - Not Found: //livelog
WARNING - 2020-04-25 23:59:07,397 - log_response - Not Found: //livelog
WARNING - 2020-04-25 23:59:08,394 - log_response - Not Found: //livelog
WARNING - 2020-04-25 23:59:08,629 - log_response - Not Found: //livelog
WARNING - 2020-04-25 23:59:09,394 - log_response - Not Found: //livelog
WARNING - 2020-04-25 23:59:10,396 - log_response - Not Found: //livelog
WARNING - 2020-04-25 23:59:11,370 - log_response - Not Found: //livelog
WARNING - 2020-04-25 23:59:11,405 - log_response - Not Found: //livelog
WARNING - 2020-04-25 23:59:12,415 - log_response - Not Found: //livelog
WARNING - 2020-04-25 23:59:12,514 - log_response - Not Found: //livelog
WARNING - 2020-04-25 23:59:13,158 - log_response - Not Found: //livelog
WARNING - 2020-04-25 23:59:13,550 - log_response - Not Found: //livelog
WARNING - 2020-04-25 23:59:14,468 - log_response - Not Found: //livelog
WARNING - 2020-04-25 23:59:15,323 - log_response - Not Found: //livelog
DEBUG - 2020-04-26 00:21:03,609 - get_csv_from_github - Default url to be used for csv extraction
DEBUG - 2020-04-26 00:21:03,609 - <module> - Csv-getter thread started.
DEBUG - 2020-04-26 00:21:03,609 - get_csv_from_github - Default date to be used for csv extraction
DEBUG - 2020-04-26 00:21:03,613 - get_csv_from_github - Date formatted and url created: https://raw.githubusercontent.com/CSSEGISandData/COVID-19/master/csse_covid_19_data/csse_covid_19_daily_reports/04-26-2020.csv
INFO - 2020-04-26 00:21:03,920 - get_csv_from_github - CSV file not found for this date yet: 26-04-2020 -> HTTP Error 404: Not Found
DEBUG - 2020-04-26 00:22:47,806 - get_csv_from_github - Default url to be used for csv extraction
DEBUG - 2020-04-26 00:22:47,806 - <module> - Csv-getter thread started.
DEBUG - 2020-04-26 00:22:47,806 - get_csv_from_github - Default date to be used for csv extraction
DEBUG - 2020-04-26 00:22:47,810 - get_csv_from_github - Date formatted and url created: https://raw.githubusercontent.com/CSSEGISandData/COVID-19/master/csse_covid_19_data/csse_covid_19_daily_reports/04-25-2020.csv
INFO - 2020-04-26 00:22:48,089 - get_csv_from_github - CSV file not found for this date yet: 25-04-2020 -> HTTP Error 404: Not Found
DEBUG - 2020-04-26 00:23:06,913 - get_csv_from_github - Default url to be used for csv extraction
DEBUG - 2020-04-26 00:23:06,913 - <module> - Csv-getter thread started.
DEBUG - 2020-04-26 00:23:06,913 - get_csv_from_github - Default date to be used for csv extraction
DEBUG - 2020-04-26 00:23:06,917 - get_csv_from_github - Date formatted and url created: https://raw.githubusercontent.com/CSSEGISandData/COVID-19/master/csse_covid_19_data/csse_covid_19_daily_reports/04-24-2020.csv
DEBUG - 2020-04-26 00:23:08,302 - get_csv_from_github - Successfully downloaded data for 24-04-2020
DEBUG - 2020-04-26 00:50:19,937 - get_csv_from_github - Default url to be used for csv extraction
DEBUG - 2020-04-26 00:50:19,937 - <module> - Csv-getter thread started.
DEBUG - 2020-04-26 00:50:19,937 - get_csv_from_github - Default date to be used for csv extraction
DEBUG - 2020-04-26 00:50:19,941 - get_csv_from_github - Date formatted and url created: https://raw.githubusercontent.com/CSSEGISandData/COVID-19/master/csse_covid_19_data/csse_covid_19_daily_reports/04-25-2020.csv
INFO - 2020-04-26 00:50:20,212 - get_csv_from_github - CSV file not found for this date yet: 25-04-2020 -> HTTP Error 404: Not Found
